Directory
/home/qub-hri/Documents/PHEO Waiting Data/p01/CAM_AV
/home/qub-hri/Documents/PHEO Waiting Data/p01/CAM_LL
/home/qub-hri/Documents/PHEO Waiting Data/p01/CAM_UR
/home/qub-hri/Documents/PHEO Waiting Data/p01/CAM_LR
/home/qub-hri/Documents/PHEO Waiting Data/p01/CAM_UL
/home/qub-hri/Documents/PHEO Waiting Data/p02/CAM_AV
/home/qub-hri/Documents/PHEO Waiting Data/p02/CAM_LL
/home/qub-hri/Documents/PHEO Waiting Data/p02/CAM_UR
/home/qub-hri/Documents/PHEO Waiting Data/p02/CAM_LR
/home/qub-hri/Documents/PHEO Waiting Data/p02/CAM_UL
/home/qub-hri/Documents/PHEO Waiting Data/p04/CAM_AV
/home/qub-hri/Documents/PHEO Waiting Data/p04/CAM_LL
/home/qub-hri/Documents/PHEO Waiting Data/p04/CAM_UR
/home/qub-hri/Documents/PHEO Waiting Data/p04/CAM_LR
/home/qub-hri/Documents/PHEO Waiting Data/p04/CAM_UL
/home/qub-hri/Documents/PHEO Waiting Data/p05/CAM_AV
/home/qub-hri/Documents/PHEO Waiting Data/p05/CAM_LL
/home/qub-hri/Documents/PHEO Waiting Data/p05/CAM_UR
/home/qub-hri/Documents/PHEO Waiting Data/p05/CAM_LR
/home/qub-hri/Documents/PHEO Waiting Data/p05/CAM_UL
/home/qub-hri/Documents/PHEO Waiting Data/p08/CAM_AV
/home/qub-hri/Documents/PHEO Waiting Data/p08/CAM_LL
/home/qub-hri/Documents/PHEO Waiting Data/p08/CAM_UR
/home/qub-hri/Documents/PHEO Waiting Data/p08/CAM_LR
/home/qub-hri/Documents/PHEO Waiting Data/p08/CAM_UL
/home/qub-hri/Documents/PHEO Waiting Data/p09/CAM_AV
/home/qub-hri/Documents/PHEO Waiting Data/p09/CAM_LL
/home/qub-hri/Documents/PHEO Waiting Data/p09/CAM_UR
/home/qub-hri/Documents/PHEO Waiting Data/p09/CAM_LR
/home/qub-hri/Documents/PHEO Waiting Data/p09/CAM_UL
