Directory
/home/iamshri/Documents/PHEO-Data/Unprocessed/p01/CAM_AV
/home/iamshri/Documents/PHEO-Data/Unprocessed/p01/CAM_LL
/home/iamshri/Documents/PHEO-Data/Unprocessed/p01/CAM_UR
/home/iamshri/Documents/PHEO-Data/Unprocessed/p01/CAM_LR
/home/iamshri/Documents/PHEO-Data/Unprocessed/p01/CAM_UL
/home/iamshri/Documents/PHEO-Data/Unprocessed/p02/CAM_AV
/home/iamshri/Documents/PHEO-Data/Unprocessed/p02/CAM_LL
/home/iamshri/Documents/PHEO-Data/Unprocessed/p02/CAM_UR
/home/iamshri/Documents/PHEO-Data/Unprocessed/p02/CAM_LR
/home/iamshri/Documents/PHEO-Data/Unprocessed/p02/CAM_UL
/home/iamshri/Documents/PHEO-Data/Unprocessed/p03/CAM_AV
/home/iamshri/Documents/PHEO-Data/Unprocessed/p03/CAM_LL
/home/iamshri/Documents/PHEO-Data/Unprocessed/p03/CAM_UR
/home/iamshri/Documents/PHEO-Data/Unprocessed/p03/CAM_LR
/home/iamshri/Documents/PHEO-Data/Unprocessed/p03/CAM_UL
/home/iamshri/Documents/PHEO-Data/Unprocessed/p04/CAM_AV
/home/iamshri/Documents/PHEO-Data/Unprocessed/p04/CAM_LL
/home/iamshri/Documents/PHEO-Data/Unprocessed/p04/CAM_UR
/home/iamshri/Documents/PHEO-Data/Unprocessed/p04/CAM_LR
/home/iamshri/Documents/PHEO-Data/Unprocessed/p04/CAM_UL
/home/iamshri/Documents/PHEO-Data/Unprocessed/p05/CAM_AV
/home/iamshri/Documents/PHEO-Data/Unprocessed/p05/CAM_LL
/home/iamshri/Documents/PHEO-Data/Unprocessed/p05/CAM_UR
/home/iamshri/Documents/PHEO-Data/Unprocessed/p05/CAM_LR
/home/iamshri/Documents/PHEO-Data/Unprocessed/p05/CAM_UL
